[1;30;40m[Sun Dec 25 02:37:15 PM EST 2022][0m [0;35;40m[DEBUG][0m [1;30;40m> ezsh_log_start [0m
[1;30;40m[Sun Dec 25 02:37:15 PM EST 2022][0m [0;35;40m[DEBUG][0m [1;30;40m> main[0m
[1;30;40m[Sun Dec 25 02:37:15 PM EST 2022][0m [0;35;40m[DEBUG][0m [1;30;40m> ezsh_timer[0m
[1;30;40m[Sun Dec 25 02:37:15 PM EST 2022][0m [0;34;40m[INFO][0m    Timer started at 1671997035.115
[1;30;40m[Sun Dec 25 02:37:15 PM EST 2022][0m [0;35;40m[DEBUG][0m [1;30;40m> ezsh_timer[0m
[1;30;40m[Sun Dec 25 02:37:15 PM EST 2022][0m [0;31;40m[ERROR][0m   The timer was never stopped
[1;30;40m[Sun Dec 25 02:37:15 PM EST 2022][0m [0;35;40m[DEBUG][0m [1;30;40m< ezsh_log_stop [0m
[1;30;40m[Sun Dec 25 02:37:31 PM EST 2022][0m [0;35;40m[DEBUG][0m [1;30;40m> ezsh_log_start [0m
[1;30;40m[Sun Dec 25 02:37:31 PM EST 2022][0m [0;35;40m[DEBUG][0m [1;30;40m> main[0m
[1;30;40m[Sun Dec 25 02:37:31 PM EST 2022][0m [0;35;40m[DEBUG][0m [1;30;40m> ezsh_timer[0m
[1;30;40m[Sun Dec 25 02:37:31 PM EST 2022][0m [0;34;40m[INFO][0m    Timer started at 1671997051.923
[1;30;40m[Sun Dec 25 02:37:32 PM EST 2022][0m [0;35;40m[DEBUG][0m [1;30;40m> ezsh_timer[0m
[1;30;40m[Sun Dec 25 02:37:32 PM EST 2022][0m [0;34;40m[INFO][0m    Timer stopped at 1671997052.427
[1;30;40m[Sun Dec 25 02:37:32 PM EST 2022][0m [0;35;40m[DEBUG][0m [1;30;40m> ezsh_timer[0m
[1;30;40m[Sun Dec 25 02:37:32 PM EST 2022][0m [3;32;40m[SUCCESS][0m Timer completed at .504
[1;30;40m[Sun Dec 25 02:37:32 PM EST 2022][0m [0;35;40m[DEBUG][0m [1;30;40m< ezsh_log_stop [0m
[1;30;40m[Sun Dec 25 02:37:41 PM EST 2022][0m [0;35;40m[DEBUG][0m [1;30;40m> ezsh_log_start [0m
[1;30;40m[Sun Dec 25 02:37:41 PM EST 2022][0m [0;35;40m[DEBUG][0m [1;30;40m> main[0m
[1;30;40m[Sun Dec 25 02:37:41 PM EST 2022][0m [0;35;40m[DEBUG][0m [1;30;40m> ezsh_timer[0m
[1;30;40m[Sun Dec 25 02:37:41 PM EST 2022][0m [0;34;40m[INFO][0m    Timer stopped at 1671997061.968
[1;30;40m[Sun Dec 25 02:37:41 PM EST 2022][0m [0;35;40m[DEBUG][0m [1;30;40m> ezsh_timer[0m
[1;30;40m[Sun Dec 25 02:37:41 PM EST 2022][0m [0;31;40m[ERROR][0m   The timer was never started
[1;30;40m[Sun Dec 25 02:37:41 PM EST 2022][0m [0;35;40m[DEBUG][0m [1;30;40m< ezsh_log_stop [0m
